This file contains any messages produced by compilers while
running configure, to aid debugging if configure makes a mistake.

It was created by chameleon configure 1.0, which was
generated by GNU Autoconf 2.69.  Invocation command line was

  $ ./configure 

## --------- ##
## Platform. ##
## --------- ##

hostname = maksim-Inspiron-3582
uname -m = x86_64
uname -r = 4.15.0-20-generic
uname -s = Linux
uname -v = #21-Ubuntu SMP Tue Apr 24 06:16:15 UTC 2018

/usr/bin/uname -p = unknown
/bin/uname -X     = unknown

/bin/arch              = unknown
/usr/bin/arch -k       = unknown
/usr/convex/getsysinfo = unknown
/usr/bin/hostinfo      = unknown
/bin/machine           = unknown
/usr/bin/oslevel       = unknown
/bin/universe          = unknown

PATH: /home/maksim/.local/bin
PATH: /usr/local/sbin
PATH: /usr/local/bin
PATH: /usr/sbin
PATH: /usr/bin
PATH: /sbin
PATH: /bin
PATH: /usr/games
PATH: /usr/local/games
PATH: /snap/bin
PATH: /snap/bin


## ----------- ##
## Core tests. ##
## ----------- ##

configure:2230: checking for a BSD-compatible install
configure:2298: result: /usr/bin/install -c
configure:2309: checking whether build environment is sane
configure:2364: result: yes
configure:2515: checking for a thread-safe mkdir -p
configure:2554: result: /bin/mkdir -p
configure:2561: checking for gawk
configure:2577: found /usr/bin/gawk
configure:2588: result: gawk
configure:2599: checking whether make sets $(MAKE)
configure:2621: result: yes
configure:2650: checking whether make supports nested variables
configure:2667: result: yes
configure:2806: checking for gcc
configure:2822: found /usr/bin/gcc
configure:2833: result: gcc
configure:3062: checking for C compiler version
configure:3071: gcc --version >&5
gcc (Ubuntu 7.4.0-1ubuntu1~18.04.1) 7.4.0
Copyright (C) 2017 Free Software Foundation, Inc.
This is free software; see the source for copying conditions.  There is NO
warranty; not even for MERCHANTABILITY or FITNESS FOR A PARTICULAR PURPOSE.

configure:3082: $? = 0
configure:3071: gcc -v >&5
Using built-in specs.
COLLECT_GCC=gcc
COLLECT_LTO_WRAPPER=/usr/lib/gcc/x86_64-linux-gnu/7/lto-wrapper
OFFLOAD_TARGET_NAMES=nvptx-none
OFFLOAD_TARGET_DEFAULT=1
Target: x86_64-linux-gnu
Configured with: ../src/configure -v --with-pkgversion='Ubuntu 7.4.0-1ubuntu1~18.04.1' --with-bugurl=file:///usr/share/doc/gcc-7/README.Bugs --enable-languages=c,ada,c++,go,brig,d,fortran,objc,obj-c++ --prefix=/usr --with-gcc-major-version-only --program-suffix=-7 --program-prefix=x86_64-linux-gnu- --enable-shared --enable-linker-build-id --libexecdir=/usr/lib --without-included-gettext --enable-threads=posix --libdir=/usr/lib --enable-nls --with-sysroot=/ --enable-clocale=gnu --enable-libstdcxx-debug --enable-libstdcxx-time=yes --with-default-libstdcxx-abi=new --enable-gnu-unique-object --disable-vtable-verify --enable-libmpx --enable-plugin --enable-default-pie --with-system-zlib --with-target-system-zlib --enable-objc-gc=auto --enable-multiarch --disable-werror --with-arch-32=i686 --with-abi=m64 --with-multilib-list=m32,m64,mx32 --enable-multilib --with-tune=generic --enable-offload-targets=nvptx-none --without-cuda-driver --enable-checking=release --build=x86_64-linux-gnu --host=x86_64-linux-gnu --target=x86_64-linux-gnu
Thread model: posix
gcc version 7.4.0 (Ubuntu 7.4.0-1ubuntu1~18.04.1) 
configure:3082: $? = 0
configure:3071: gcc -V >&5
gcc: error: unrecognized command line option '-V'
gcc: fatal error: no input files
compilation terminated.
configure:3082: $? = 1
configure:3071: gcc -qversion >&5
gcc: error: unrecognized command line option '-qversion'; did you mean '--version'?
gcc: fatal error: no input files
compilation terminated.
configure:3082: $? = 1
configure:3102: checking whether the C compiler works
configure:3124: gcc    conftest.c  >&5
configure:3128: $? = 0
configure:3176: result: yes
configure:3179: checking for C compiler default output file name
configure:3181: result: a.out
configure:3187: checking for suffix of executables
configure:3194: gcc -o conftest    conftest.c  >&5
configure:3198: $? = 0
configure:3220: result: 
configure:3242: checking whether we are cross compiling
configure:3250: gcc -o conftest    conftest.c  >&5
configure:3254: $? = 0
configure:3261: ./conftest
configure:3265: $? = 0
configure:3280: result: no
configure:3285: checking for suffix of object files
configure:3307: gcc -c   conftest.c >&5
configure:3311: $? = 0
configure:3332: result: o
configure:3336: checking whether we are using the GNU C compiler
configure:3355: gcc -c   conftest.c >&5
configure:3355: $? = 0
configure:3364: result: yes
configure:3373: checking whether gcc accepts -g
configure:3393: gcc -c -g  conftest.c >&5
configure:3393: $? = 0
configure:3434: result: yes
configure:3451: checking for gcc option to accept ISO C89
configure:3514: gcc  -c -g -O2  conftest.c >&5
configure:3514: $? = 0
configure:3527: result: none needed
configure:3558: checking for style of include used by make
configure:3586: result: GNU
configure:3612: checking dependency style of gcc
configure:3723: result: gcc3
configure:3796: checking for g++
configure:3812: found /usr/bin/g++
configure:3823: result: g++
configure:3850: checking for C++ compiler version
configure:3859: g++ --version >&5
g++ (Ubuntu 7.4.0-1ubuntu1~18.04.1) 7.4.0
Copyright (C) 2017 Free Software Foundation, Inc.
This is free software; see the source for copying conditions.  There is NO
warranty; not even for MERCHANTABILITY or FITNESS FOR A PARTICULAR PURPOSE.

configure:3870: $? = 0
configure:3859: g++ -v >&5
Using built-in specs.
COLLECT_GCC=g++
COLLECT_LTO_WRAPPER=/usr/lib/gcc/x86_64-linux-gnu/7/lto-wrapper
OFFLOAD_TARGET_NAMES=nvptx-none
OFFLOAD_TARGET_DEFAULT=1
Target: x86_64-linux-gnu
Configured with: ../src/configure -v --with-pkgversion='Ubuntu 7.4.0-1ubuntu1~18.04.1' --with-bugurl=file:///usr/share/doc/gcc-7/README.Bugs --enable-languages=c,ada,c++,go,brig,d,fortran,objc,obj-c++ --prefix=/usr --with-gcc-major-version-only --program-suffix=-7 --program-prefix=x86_64-linux-gnu- --enable-shared --enable-linker-build-id --libexecdir=/usr/lib --without-included-gettext --enable-threads=posix --libdir=/usr/lib --enable-nls --with-sysroot=/ --enable-clocale=gnu --enable-libstdcxx-debug --enable-libstdcxx-time=yes --with-default-libstdcxx-abi=new --enable-gnu-unique-object --disable-vtable-verify --enable-libmpx --enable-plugin --enable-default-pie --with-system-zlib --with-target-system-zlib --enable-objc-gc=auto --enable-multiarch --disable-werror --with-arch-32=i686 --with-abi=m64 --with-multilib-list=m32,m64,mx32 --enable-multilib --with-tune=generic --enable-offload-targets=nvptx-none --without-cuda-driver --enable-checking=release --build=x86_64-linux-gnu --host=x86_64-linux-gnu --target=x86_64-linux-gnu
Thread model: posix
gcc version 7.4.0 (Ubuntu 7.4.0-1ubuntu1~18.04.1) 
configure:3870: $? = 0
configure:3859: g++ -V >&5
g++: error: unrecognized command line option '-V'
g++: fatal error: no input files
compilation terminated.
configure:3870: $? = 1
configure:3859: g++ -qversion >&5
g++: error: unrecognized command line option '-qversion'; did you mean '--version'?
g++: fatal error: no input files
compilation terminated.
configure:3870: $? = 1
configure:3874: checking whether we are using the GNU C++ compiler
configure:3893: g++ -c   conftest.cpp >&5
configure:3893: $? = 0
configure:3902: result: yes
configure:3911: checking whether g++ accepts -g
configure:3931: g++ -c -g  conftest.cpp >&5
configure:3931: $? = 0
configure:3972: result: yes
configure:3997: checking dependency style of g++
configure:4108: result: gcc3
configure:4133: checking how to run the C preprocessor
configure:4164: gcc -E  conftest.c
configure:4164: $? = 0
configure:4178: gcc -E  conftest.c
conftest.c:11:10: fatal error: ac_nonexistent.h: No such file or directory
 #include <ac_nonexistent.h>
          ^~~~~~~~~~~~~~~~~~
compilation terminated.
configure:4178: $? = 1
configure: failed program was:
| /* confdefs.h */
| #define PACKAGE_NAME "chameleon"
| #define PACKAGE_TARNAME "chameleon"
| #define PACKAGE_VERSION "1.0"
| #define PACKAGE_STRING "chameleon 1.0"
| #define PACKAGE_BUGREPORT ""
| #define PACKAGE_URL ""
| #define PACKAGE "chameleon"
| #define VERSION "1.0"
| /* end confdefs.h.  */
| #include <ac_nonexistent.h>
configure:4203: result: gcc -E
configure:4223: gcc -E  conftest.c
configure:4223: $? = 0
configure:4237: gcc -E  conftest.c
conftest.c:11:10: fatal error: ac_nonexistent.h: No such file or directory
 #include <ac_nonexistent.h>
          ^~~~~~~~~~~~~~~~~~
compilation terminated.
configure:4237: $? = 1
configure: failed program was:
| /* confdefs.h */
| #define PACKAGE_NAME "chameleon"
| #define PACKAGE_TARNAME "chameleon"
| #define PACKAGE_VERSION "1.0"
| #define PACKAGE_STRING "chameleon 1.0"
| #define PACKAGE_BUGREPORT ""
| #define PACKAGE_URL ""
| #define PACKAGE "chameleon"
| #define VERSION "1.0"
| /* end confdefs.h.  */
| #include <ac_nonexistent.h>
configure:4266: checking for grep that handles long lines and -e
configure:4324: result: /bin/grep
configure:4329: checking for egrep
configure:4391: result: /bin/grep -E
configure:4396: checking for ANSI C header files
configure:4416: gcc -c -g -O2  conftest.c >&5
configure:4416: $? = 0
configure:4489: gcc -o conftest -g -O2   conftest.c  >&5
configure:4489: $? = 0
configure:4489: ./conftest
configure:4489: $? = 0
configure:4500: result: yes
configure:4513: checking for sys/types.h
configure:4513: gcc -c -g -O2  conftest.c >&5
configure:4513: $? = 0
configure:4513: result: yes
configure:4513: checking for sys/stat.h
configure:4513: gcc -c -g -O2  conftest.c >&5
configure:4513: $? = 0
configure:4513: result: yes
configure:4513: checking for stdlib.h
configure:4513: gcc -c -g -O2  conftest.c >&5
configure:4513: $? = 0
configure:4513: result: yes
configure:4513: checking for string.h
configure:4513: gcc -c -g -O2  conftest.c >&5
configure:4513: $? = 0
configure:4513: result: yes
configure:4513: checking for memory.h
configure:4513: gcc -c -g -O2  conftest.c >&5
configure:4513: $? = 0
configure:4513: result: yes
configure:4513: checking for strings.h
configure:4513: gcc -c -g -O2  conftest.c >&5
configure:4513: $? = 0
configure:4513: result: yes
configure:4513: checking for inttypes.h
configure:4513: gcc -c -g -O2  conftest.c >&5
configure:4513: $? = 0
configure:4513: result: yes
configure:4513: checking for stdint.h
configure:4513: gcc -c -g -O2  conftest.c >&5
configure:4513: $? = 0
configure:4513: result: yes
configure:4513: checking for unistd.h
configure:4513: gcc -c -g -O2  conftest.c >&5
configure:4513: $? = 0
configure:4513: result: yes
configure:4528: checking pthread.h usability
configure:4528: gcc -c -g -O2  conftest.c >&5
configure:4528: $? = 0
configure:4528: result: yes
configure:4528: checking pthread.h presence
configure:4528: gcc -E  conftest.c
configure:4528: $? = 0
configure:4528: result: yes
configure:4528: checking for pthread.h
configure:4528: result: yes
configure:4528: checking time.h usability
configure:4528: gcc -c -g -O2  conftest.c >&5
configure:4528: $? = 0
configure:4528: result: yes
configure:4528: checking time.h presence
configure:4528: gcc -E  conftest.c
configure:4528: $? = 0
configure:4528: result: yes
configure:4528: checking for time.h
configure:4528: result: yes
configure:4540: checking for an ANSI C-conforming const
configure:4606: gcc -c -g -O2  conftest.c >&5
configure:4606: $? = 0
configure:4613: result: yes
configure:4626: checking for memcpy
configure:4626: gcc -o conftest -g -O2   conftest.c  >&5
conftest.c:46:6: warning: conflicting types for built-in function 'memcpy' [-Wbuiltin-declaration-mismatch]
 char memcpy ();
      ^~~~~~
configure:4626: $? = 0
configure:4626: result: yes
configure:4626: checking for memset
configure:4626: gcc -o conftest -g -O2   conftest.c  >&5
conftest.c:47:6: warning: conflicting types for built-in function 'memset' [-Wbuiltin-declaration-mismatch]
 char memset ();
      ^~~~~~
configure:4626: $? = 0
configure:4626: result: yes
configure:4747: checking that generated files are newer than configure
configure:4753: result: done
configure:4780: creating ./config.status

## ---------------------- ##
## Running config.status. ##
## ---------------------- ##

This file was extended by chameleon config.status 1.0, which was
generated by GNU Autoconf 2.69.  Invocation command line was

  CONFIG_FILES    = 
  CONFIG_HEADERS  = 
  CONFIG_LINKS    = 
  CONFIG_COMMANDS = 
  $ ./config.status 

on maksim-Inspiron-3582

config.status:862: creating Makefile
config.status:862: creating config.h
config.status:1043: config.h is unchanged
config.status:1091: executing depfiles commands

## ---------------- ##
## Cache variables. ##
## ---------------- ##

ac_cv_c_compiler_gnu=yes
ac_cv_c_const=yes
ac_cv_cxx_compiler_gnu=yes
ac_cv_env_CCC_set=
ac_cv_env_CCC_value=
ac_cv_env_CC_set=
ac_cv_env_CC_value=
ac_cv_env_CFLAGS_set=
ac_cv_env_CFLAGS_value=
ac_cv_env_CPPFLAGS_set=
ac_cv_env_CPPFLAGS_value=
ac_cv_env_CPP_set=
ac_cv_env_CPP_value=
ac_cv_env_CXXFLAGS_set=
ac_cv_env_CXXFLAGS_value=
ac_cv_env_CXX_set=
ac_cv_env_CXX_value=
ac_cv_env_LDFLAGS_set=
ac_cv_env_LDFLAGS_value=
ac_cv_env_LIBS_set=
ac_cv_env_LIBS_value=
ac_cv_env_build_alias_set=
ac_cv_env_build_alias_value=
ac_cv_env_host_alias_set=
ac_cv_env_host_alias_value=
ac_cv_env_target_alias_set=
ac_cv_env_target_alias_value=
ac_cv_func_memcpy=yes
ac_cv_func_memset=yes
ac_cv_header_inttypes_h=yes
ac_cv_header_memory_h=yes
ac_cv_header_pthread_h=yes
ac_cv_header_stdc=yes
ac_cv_header_stdint_h=yes
ac_cv_header_stdlib_h=yes
ac_cv_header_string_h=yes
ac_cv_header_strings_h=yes
ac_cv_header_sys_stat_h=yes
ac_cv_header_sys_types_h=yes
ac_cv_header_time_h=yes
ac_cv_header_unistd_h=yes
ac_cv_objext=o
ac_cv_path_EGREP='/bin/grep -E'
ac_cv_path_GREP=/bin/grep
ac_cv_path_install='/usr/bin/install -c'
ac_cv_path_mkdir=/bin/mkdir
ac_cv_prog_AWK=gawk
ac_cv_prog_CPP='gcc -E'
ac_cv_prog_ac_ct_CC=gcc
ac_cv_prog_ac_ct_CXX=g++
ac_cv_prog_cc_c89=
ac_cv_prog_cc_g=yes
ac_cv_prog_cxx_g=yes
ac_cv_prog_make_make_set=yes
am_cv_CC_dependencies_compiler_type=gcc3
am_cv_CXX_dependencies_compiler_type=gcc3
am_cv_make_support_nested_variables=yes

## ----------------- ##
## Output variables. ##
## ----------------- ##

ACLOCAL='${SHELL} /home/maksim/Desktop/Chameleon-1.0/linux/missing aclocal-1.13'
AMDEPBACKSLASH='\'
AMDEP_FALSE='#'
AMDEP_TRUE=''
AMTAR='$${TAR-tar}'
AM_BACKSLASH='\'
AM_DEFAULT_V='$(AM_DEFAULT_VERBOSITY)'
AM_DEFAULT_VERBOSITY='1'
AM_V='$(V)'
AUTOCONF='${SHELL} /home/maksim/Desktop/Chameleon-1.0/linux/missing autoconf'
AUTOHEADER='${SHELL} /home/maksim/Desktop/Chameleon-1.0/linux/missing autoheader'
AUTOMAKE='${SHELL} /home/maksim/Desktop/Chameleon-1.0/linux/missing automake-1.13'
AWK='gawk'
CC='gcc'
CCDEPMODE='depmode=gcc3'
CFLAGS='-g -O2'
CPP='gcc -E'
CPPFLAGS=''
CXX='g++'
CXXDEPMODE='depmode=gcc3'
CXXFLAGS=''
CYGPATH_W='echo'
DEFS='-DHAVE_CONFIG_H'
DEPDIR='.deps'
ECHO_C=''
ECHO_N='-n'
ECHO_T=''
EGREP='/bin/grep -E'
EXEEXT=''
GREP='/bin/grep'
INSTALL_DATA='${INSTALL} -m 644'
INSTALL_PROGRAM='${INSTALL}'
INSTALL_SCRIPT='${INSTALL}'
INSTALL_STRIP_PROGRAM='$(install_sh) -c -s'
LDFLAGS=''
LIBOBJS=''
LIBS=''
LTLIBOBJS=''
MAKEINFO='${SHELL} /home/maksim/Desktop/Chameleon-1.0/linux/missing makeinfo'
MKDIR_P='/bin/mkdir -p'
OBJEXT='o'
PACKAGE='chameleon'
PACKAGE_BUGREPORT=''
PACKAGE_NAME='chameleon'
PACKAGE_STRING='chameleon 1.0'
PACKAGE_TARNAME='chameleon'
PACKAGE_URL=''
PACKAGE_VERSION='1.0'
PATH_SEPARATOR=':'
SET_MAKE=''
SHELL='/bin/bash'
STRIP=''
VERSION='1.0'
ac_ct_CC='gcc'
ac_ct_CXX='g++'
am__EXEEXT_FALSE=''
am__EXEEXT_TRUE='#'
am__fastdepCC_FALSE='#'
am__fastdepCC_TRUE=''
am__fastdepCXX_FALSE='#'
am__fastdepCXX_TRUE=''
am__include='include'
am__isrc=''
am__leading_dot='.'
am__nodep='_no'
am__quote=''
am__tar='$${TAR-tar} chof - "$$tardir"'
am__untar='$${TAR-tar} xf -'
bindir='${exec_prefix}/bin'
build_alias=''
datadir='${datarootdir}'
datarootdir='${prefix}/share'
docdir='${datarootdir}/doc/${PACKAGE_TARNAME}'
dvidir='${docdir}'
exec_prefix='${prefix}'
host_alias=''
htmldir='${docdir}'
includedir='${prefix}/include'
infodir='${datarootdir}/info'
install_sh='${SHELL} /home/maksim/Desktop/Chameleon-1.0/linux/install-sh'
libdir='${exec_prefix}/lib'
libexecdir='${exec_prefix}/libexec'
localedir='${datarootdir}/locale'
localstatedir='${prefix}/var'
mandir='${datarootdir}/man'
mkdir_p='$(MKDIR_P)'
oldincludedir='/usr/include'
pdfdir='${docdir}'
prefix='/usr/local'
program_transform_name='s,x,x,'
psdir='${docdir}'
sbindir='${exec_prefix}/sbin'
sharedstatedir='${prefix}/com'
sysconfdir='${prefix}/etc'
target_alias=''

## ----------- ##
## confdefs.h. ##
## ----------- ##

/* confdefs.h */
#define PACKAGE_NAME "chameleon"
#define PACKAGE_TARNAME "chameleon"
#define PACKAGE_VERSION "1.0"
#define PACKAGE_STRING "chameleon 1.0"
#define PACKAGE_BUGREPORT ""
#define PACKAGE_URL ""
#define PACKAGE "chameleon"
#define VERSION "1.0"
#define STDC_HEADERS 1
#define HAVE_SYS_TYPES_H 1
#define HAVE_SYS_STAT_H 1
#define HAVE_STDLIB_H 1
#define HAVE_STRING_H 1
#define HAVE_MEMORY_H 1
#define HAVE_STRINGS_H 1
#define HAVE_INTTYPES_H 1
#define HAVE_STDINT_H 1
#define HAVE_UNISTD_H 1
#define HAVE_PTHREAD_H 1
#define HAVE_TIME_H 1
#define HAVE_MEMCPY 1
#define HAVE_MEMSET 1

configure: exit 0
